[debug] [2021-01-08T05:12:06.582Z] ----------------------------------------------------------------------
[debug] [2021-01-08T05:12:06.584Z] Command:       /usr/local/bin/node /usr/local/bin/firebase init
[debug] [2021-01-08T05:12:06.584Z] CLI Version:   9.1.2
[debug] [2021-01-08T05:12:06.584Z] Platform:      darwin
[debug] [2021-01-08T05:12:06.584Z] Node Version:  v12.16.3
[debug] [2021-01-08T05:12:06.585Z] Time:          Fri Jan 08 2021 12:12:06 GMT+0700 (Indochina Time)
[debug] [2021-01-08T05:12:06.585Z] ----------------------------------------------------------------------
[debug] [2021-01-08T05:12:06.585Z] 
[debug] [2021-01-08T05:12:06.591Z] > command requires scopes: ["email","openid","https://www.googleapis.com/auth/cloudplatformprojects.readonly","https://www.googleapis.com/auth/firebase","https://www.googleapis.com/auth/cloud-platform"]
[debug] [2021-01-08T05:12:06.591Z] > authorizing via signed-in user
[info] 
     ######## #### ########  ######## ########     ###     ######  ########
     ##        ##  ##     ## ##       ##     ##  ##   ##  ##       ##
     ######    ##  ########  ######   ########  #########  ######  ######
     ##        ##  ##    ##  ##       ##     ## ##     ##       ## ##
     ##       #### ##     ## ######## ########  ##     ##  ######  ########

You're about to initialize a Firebase project in this directory:

  /Users/primetimetran/Desktop/learning/fb-hosting

[info] 
=== Project Setup
[info] 
[info] First, let's associate this project directory with a Firebase project.
[info] You can create multiple project aliases by running firebase use --add, 
[info] but for now we'll just set up a default project.
[info] 
[debug] [2021-01-08T05:12:17.352Z] >>> HTTP REQUEST GET https://firebase.googleapis.com/v1beta1/projects?pageSize=100  
 
[debug] [2021-01-08T05:12:18.232Z] <<< HTTP RESPONSE 200 {"content-type":"application/json; charset=UTF-8","vary":"X-Origin, Referer, Origin,Accept-Encoding","date":"Fri, 08 Jan 2021 05:12:18 GMT","server":"ESF","cache-control":"private","x-xss-protection":"0","x-frame-options":"SAMEORIGIN","x-content-type-options":"nosniff","alt-svc":"h3-29=\":443\"; ma=2592000,h3-T051=\":443\"; ma=2592000,h3-Q050=\":443\"; ma=2592000,h3-Q046=\":443\"; ma=2592000,h3-Q043=\":443\"; ma=2592000,quic=\":443\"; ma=2592000; v=\"46,43\"","accept-ranges":"none","transfer-encoding":"chunked"}
[info] i  Using project toolsforproductivity-dev (ToolsForProductivity Dev) 
[info] 
=== Hosting Setup
[info] 
[info] Your public directory is the folder (relative to your project directory) that
[info] will contain Hosting assets to be uploaded with firebase deploy. If you
[info] have a build process for your assets, use your build's output directory.
[info] 
[debug] [2021-01-08T05:12:39.409Z] >>> [apiv2][query] GET https://www.gstatic.com/firebasejs/releases.json [none]
[debug] [2021-01-08T05:12:39.640Z] <<< [apiv2][status] GET https://www.gstatic.com/firebasejs/releases.json 200
[debug] [2021-01-08T05:12:39.641Z] <<< [apiv2][body] GET https://www.gstatic.com/firebasejs/releases.json {"current":{"version":"8.2.2","browserURL":"https://www.gstatic.com/firebasejs/8.2.2/firebase.js","packageURL":"https://www.gstatic.com/firebasejs/8.2.2/firebase.tgz"},"live":{"version":"8.2","browserURL":"https://www.gstatic.com/firebasejs/live/8.2/firebase.js","packageURL":"https://www.gstatic.com/firebasejs/live/8.2/firebase.tgz"},"components":{"analytics":"https://www.gstatic.com/firebasejs/8.2.2/firebase-analytics.js","app":"https://www.gstatic.com/firebasejs/8.2.2/firebase-app.js","auth":"https://www.gstatic.com/firebasejs/8.2.2/firebase-auth.js","database":"https://www.gstatic.com/firebasejs/8.2.2/firebase-database.js","firestore":"https://www.gstatic.com/firebasejs/8.2.2/firebase-firestore.js","functions":"https://www.gstatic.com/firebasejs/8.2.2/firebase-functions.js","installations":"https://www.gstatic.com/firebasejs/8.2.2/firebase-installations.js","messaging":"https://www.gstatic.com/firebasejs/8.2.2/firebase-messaging.js","storage":"https://www.gstatic.com/firebasejs/8.2.2/firebase-storage.js","performance":"https://www.gstatic.com/firebasejs/8.2.2/firebase-performance.js","remote-config":"https://www.gstatic.com/firebasejs/8.2.2/firebase-remote-config.js","firestore.memory":"https://www.gstatic.com/firebasejs/8.2.2/firebase-firestore.memory.js"}}
[info] i  Skipping write of public/index.html 
[info] 
[info] i  Detected a .git folder at /Users/primetimetran/Desktop/learning/fb-hosting 
[info] i  Authorizing with GitHub to upload your service account to a GitHub repository's secrets store. 
[info] 
[info] Visit this URL on this device to log in:
[info] https://github.com/login/oauth/authorize?client_id=89cf50f02ac6aaed3484&state=317561664&redirect_uri=http%3A%2F%2Flocalhost%3A9005&scope=read%3Auser%20repo%20public_repo
[info] 
[info] Waiting for authentication...
[debug] [2021-01-08T05:12:46.339Z] >>> HTTP REQUEST POST https://github.com/login/oauth/access_token  
 {"client_id":"89cf50f02ac6aaed3484","client_secret":"3330d14abc895d9a74d5f17cd7a00711fa2c5bf0","code":"5c1818eee62aebc7da9d","redirect_uri":"http://localhost:9005","state":"317561664"}
[debug] [2021-01-08T05:12:47.018Z] <<< HTTP RESPONSE 200 {"date":"Fri, 08 Jan 2021 05:12:46 GMT","content-type":"application/json; charset=utf-8","transfer-encoding":"chunked","server":"GitHub.com","status":"200 OK","vary":"X-PJAX, Accept-Encoding, Accept, X-Requested-With, Accept-Encoding","etag":"W/\"30f2f456a4f20a4f1a3ba4fc5f396f01\"","cache-control":"max-age=0, private, must-revalidate","strict-transport-security":"max-age=31536000; includeSubdomains; preload","x-frame-options":"deny","x-content-type-options":"nosniff","x-xss-protection":"1; mode=block","referrer-policy":"origin-when-cross-origin, strict-origin-when-cross-origin","expect-ct":"max-age=2592000, report-uri=\"https://api.github.com/_private/browser/errors\"","content-security-policy":"default-src 'none'; base-uri 'self'; block-all-mixed-content; connect-src 'self' uploads.github.com www.githubstatus.com collector.githubapp.com api.github.com github-cloud.s3.amazonaws.com github-production-repository-file-5c1aeb.s3.amazonaws.com github-production-upload-manifest-file-7fdce7.s3.amazonaws.com github-production-user-asset-6210df.s3.amazonaws.com cdn.optimizely.com logx.optimizely.com/v1/events wss://alive.github.com; font-src github.githubassets.com; form-action 'self' github.com gist.github.com; frame-ancestors 'none'; frame-src render.githubusercontent.com; img-src 'self' data: github.githubassets.com identicons.github.com collector.githubapp.com github-cloud.s3.amazonaws.com *.githubusercontent.com; manifest-src 'self'; media-src 'none'; script-src github.githubassets.com; style-src 'unsafe-inline' github.githubassets.com; worker-src github.com/socket-worker-5029ae85.js gist.github.com/socket-worker-5029ae85.js","x-github-request-id":"EAA2:27AE:AB27038:E1EFE46:5FF7E9CE"}
[debug] [2021-01-08T05:12:47.019Z] >>> [apiv2][query] GET https://api.github.com/user [none]
[debug] [2021-01-08T05:12:47.684Z] <<< [apiv2][status] GET https://api.github.com/user 200
[debug] [2021-01-08T05:12:47.684Z] <<< [apiv2][body] GET https://api.github.com/user {"login":"PrimeTimeTran","id":16382165,"node_id":"MDQ6VXNlcjE2MzgyMTY1","avatar_url":"https://avatars3.githubusercontent.com/u/16382165?v=4","gravatar_id":"","url":"https://api.github.com/users/PrimeTimeTran","html_url":"https://github.com/PrimeTimeTran","followers_url":"https://api.github.com/users/PrimeTimeTran/followers","following_url":"https://api.github.com/users/PrimeTimeTran/following{/other_user}","gists_url":"https://api.github.com/users/PrimeTimeTran/gists{/gist_id}","starred_url":"https://api.github.com/users/PrimeTimeTran/starred{/owner}{/repo}","subscriptions_url":"https://api.github.com/users/PrimeTimeTran/subscriptions","organizations_url":"https://api.github.com/users/PrimeTimeTran/orgs","repos_url":"https://api.github.com/users/PrimeTimeTran/repos","events_url":"https://api.github.com/users/PrimeTimeTran/events{/privacy}","received_events_url":"https://api.github.com/users/PrimeTimeTran/received_events","type":"User","site_admin":false,"name":"Loi Tran","company":"Worlds Greatest Todo App","blog":"https://www.linkedin.com/in/loi-tran-981b2bba?trk=nav_responsive_tab_profile","location":"Ho Chi Minh City, Vietnam","email":null,"hireable":true,"bio":"https://primetimetran.com/","twitter_username":null,"public_repos":115,"public_gists":46,"followers":48,"following":6,"created_at":"2015-12-21T09:49:10Z","updated_at":"2021-01-08T04:54:45Z","private_gists":67,"total_private_repos":14,"owned_private_repos":14,"disk_usage":832144,"collaborators":2,"two_factor_authentication":true,"plan":{"name":"free","space":976562499,"collaborators":0,"private_repos":10000}}
[info] 
[info] ✔  Success! Logged into GitHub as PrimeTimeTran 
[info] 
[debug] [2021-01-08T05:13:16.675Z] >>> [apiv2][query] GET https://api.github.com/repos/primetimetran/fb-hosting/actions/secrets/public-key type=owner
[debug] [2021-01-08T05:13:17.108Z] <<< [apiv2][status] GET https://api.github.com/repos/primetimetran/fb-hosting/actions/secrets/public-key 404
[debug] [2021-01-08T05:13:17.108Z] <<< [apiv2][body] GET https://api.github.com/repos/primetimetran/fb-hosting/actions/secrets/public-key {"message":"Not Found","documentation_url":"https://docs.github.com/rest/reference/actions#get-a-repository-public-key"}
